# JRE version: OpenJDK Runtime Environment (8.0_202-b03) (build 1.8.0_202-release-1483-b03)
# Java VM: OpenJDK 64-Bit Server VM (25.202-b03 mixed mode windows-amd64 compressed oops)
Heap:
 PSYoungGen      total 145920K, used 112023K [0x00000000e0000000, 0x00000000eae80000, 0x0000000100000000)
  eden space 124416K, 72% used [0x00000000e0000000,0x00000000e5868730,0x00000000e7980000)
  from space 21504K, 99% used [0x00000000e9200000,0x00000000ea6fd8a0,0x00000000ea700000)
  to   space 25088K, 0% used [0x00000000e7980000,0x00000000e7980000,0x00000000e9200000)
 ParOldGen       total 102912K, used 62110K [0x00000000a0000000, 0x00000000a6480000, 0x00000000e0000000)
  object space 102912K, 60% used [0x00000000a0000000,0x00000000a3ca7a68,0x00000000a6480000)
 Metaspace       used 83620K, capacity 86714K, committed 86804K, reserved 1124352K
  class space    used 10638K, capacity 11278K, committed 11324K, reserved 1048576K
GC Heap History (10 events):
Event: 251.988 GC heap before
{Heap before GC invocations=35 (full 3):
 PSYoungGen      total 119296K, used 119172K [0x00000000e0000000, 0x00000000e9080000, 0x0000000100000000)
  eden space 113152K, 100% used [0x00000000e0000000,0x00000000e6e80000,0x00000000e6e80000)
  from space 6144K, 97% used [0x00000000e7800000,0x00000000e7de1288,0x00000000e7e00000)
  to   space 14336K, 0% used [0x00000000e8280000,0x00000000e8280000,0x00000000e9080000)
 ParOldGen       total 102912K, used 56141K [0x00000000a0000000, 0x00000000a6480000, 0x00000000e0000000)
  object space 102912K, 54% used [0x00000000a0000000,0x00000000a36d3408,0x00000000a6480000)
 Metaspace       used 75937K, capacity 78594K, committed 78868K, reserved 1118208K
  class space    used 9917K, capacity 10468K, committed 10556K, reserved 1048576K
Event: 251.997 GC heap after
Heap after GC invocations=35 (full 3):
 PSYoungGen      total 117760K, used 8121K [0x00000000e0000000, 0x00000000e8a80000, 0x0000000100000000)
  eden space 109568K, 0% used [0x00000000e0000000,0x00000000e0000000,0x00000000e6b00000)
  from space 8192K, 99% used [0x00000000e8280000,0x00000000e8a6e4c8,0x00000000e8a80000)
  to   space 14336K, 0% used [0x00000000e6e80000,0x00000000e6e80000,0x00000000e7c80000)
 ParOldGen       total 102912K, used 56149K [0x00000000a0000000, 0x00000000a6480000, 0x00000000e0000000)
  object space 102912K, 54% used [0x00000000a0000000,0x00000000a36d5408,0x00000000a6480000)
 Metaspace       used 75937K, capacity 78594K, committed 78868K, reserved 1118208K
  class space    used 9917K, capacity 10468K, committed 10556K, reserved 1048576K
}
Event: 262.412 GC heap before
{Heap before GC invocations=36 (full 3):
 PSYoungGen      total 117760K, used 117689K [0x00000000e0000000, 0x00000000e8a80000, 0x0000000100000000)
  eden space 109568K, 100% used [0x00000000e0000000,0x00000000e6b00000,0x00000000e6b00000)
  from space 8192K, 99% used [0x00000000e8280000,0x00000000e8a6e4c8,0x00000000e8a80000)
  to   space 14336K, 0% used [0x00000000e6e80000,0x00000000e6e80000,0x00000000e7c80000)
 ParOldGen       total 102912K, used 56149K [0x00000000a0000000, 0x00000000a6480000, 0x00000000e0000000)
  object space 102912K, 54% used [0x00000000a0000000,0x00000000a36d5408,0x00000000a6480000)
 Metaspace       used 77159K, capacity 79850K, committed 80020K, reserved 1118208K
  class space    used 9996K, capacity 10558K, committed 10684K, reserved 1048576K
Event: 262.438 GC heap after
Heap after GC invocations=36 (full 3):
 PSYoungGen      total 119808K, used 13092K [0x00000000e0000000, 0x00000000e8800000, 0x0000000100000000)
  eden space 106496K, 0% used [0x00000000e0000000,0x00000000e0000000,0x00000000e6800000)
  from space 13312K, 98% used [0x00000000e6e80000,0x00000000e7b492d8,0x00000000e7b80000)
  to   space 12800K, 0% used [0x00000000e7b80000,0x00000000e7b80000,0x00000000e8800000)
 ParOldGen       total 102912K, used 56157K [0x00000000a0000000, 0x00000000a6480000, 0x00000000e0000000)
  object space 102912K, 54% used [0x00000000a0000000,0x00000000a36d7408,0x00000000a6480000)
 Metaspace       used 77159K, capacity 79850K, committed 80020K, reserved 1118208K
  class space    used 9996K, capacity 10558K, committed 10684K, reserved 1048576K
}
Event: 263.555 GC heap before
{Heap before GC invocations=37 (full 3):
 PSYoungGen      total 119808K, used 119588K [0x00000000e0000000, 0x00000000e8800000, 0x0000000100000000)
  eden space 106496K, 100% used [0x00000000e0000000,0x00000000e6800000,0x00000000e6800000)
  from space 13312K, 98% used [0x00000000e6e80000,0x00000000e7b492d8,0x00000000e7b80000)
  to   space 12800K, 0% used [0x00000000e7b80000,0x00000000e7b80000,0x00000000e8800000)
 ParOldGen       total 102912K, used 56157K [0x00000000a0000000, 0x00000000a6480000, 0x00000000e0000000)
  object space 102912K, 54% used [0x00000000a0000000,0x00000000a36d7408,0x00000000a6480000)
 Metaspace       used 77173K, capacity 79850K, committed 80020K, reserved 1118208K
  class space    used 9996K, capacity 10558K, committed 10684K, reserved 1048576K
Event: 263.579 GC heap after
Heap after GC invocations=37 (full 3):
 PSYoungGen      total 120320K, used 12775K [0x00000000e0000000, 0x00000000e9d00000, 0x0000000100000000)
  eden space 107520K, 0% used [0x00000000e0000000,0x00000000e0000000,0x00000000e6900000)
  from space 12800K, 99% used [0x00000000e7b80000,0x00000000e87f9f50,0x00000000e8800000)
  to   space 18944K, 0% used [0x00000000e6900000,0x00000000e6900000,0x00000000e7b80000)
 ParOldGen       total 102912K, used 60397K [0x00000000a0000000, 0x00000000a6480000, 0x00000000e0000000)
  object space 102912K, 58% used [0x00000000a0000000,0x00000000a3afb7d8,0x00000000a6480000)
 Metaspace       used 77173K, capacity 79850K, committed 80020K, reserved 1118208K
  class space    used 9996K, capacity 10558K, committed 10684K, reserved 1048576K
}
Event: 264.382 GC heap before
{Heap before GC invocations=38 (full 3):
 PSYoungGen      total 120320K, used 120295K [0x00000000e0000000, 0x00000000e9d00000, 0x0000000100000000)
  eden space 107520K, 100% used [0x00000000e0000000,0x00000000e6900000,0x00000000e6900000)
  from space 12800K, 99% used [0x00000000e7b80000,0x00000000e87f9f50,0x00000000e8800000)
  to   space 18944K, 0% used [0x00000000e6900000,0x00000000e6900000,0x00000000e7b80000)
 ParOldGen       total 102912K, used 60397K [0x00000000a0000000, 0x00000000a6480000, 0x00000000e0000000)
  object space 102912K, 58% used [0x00000000a0000000,0x00000000a3afb7d8,0x00000000a6480000)
 Metaspace       used 77183K, capacity 79850K, committed 80020K, reserved 1118208K
  class space    used 9998K, capacity 10558K, committed 10684K, reserved 1048576K
Event: 264.408 GC heap after
Heap after GC invocations=38 (full 3):
 PSYoungGen      total 126464K, used 18011K [0x00000000e0000000, 0x00000000ea700000, 0x0000000100000000)
  eden space 107520K, 0% used [0x00000000e0000000,0x00000000e0000000,0x00000000e6900000)
  from space 18944K, 95% used [0x00000000e6900000,0x00000000e7a96f68,0x00000000e7b80000)
  to   space 21504K, 0% used [0x00000000e9200000,0x00000000e9200000,0x00000000ea700000)
 ParOldGen       total 102912K, used 60413K [0x00000000a0000000, 0x00000000a6480000, 0x00000000e0000000)
  object space 102912K, 58% used [0x00000000a0000000,0x00000000a3aff7d8,0x00000000a6480000)
 Metaspace       used 77183K, capacity 79850K, committed 80020K, reserved 1118208K
  class space    used 9998K, capacity 10558K, committed 10684K, reserved 1048576K
}
Event: 266.159 GC heap before
{Heap before GC invocations=39 (full 3):
 PSYoungGen      total 126464K, used 125531K [0x00000000e0000000, 0x00000000ea700000, 0x0000000100000000)
  eden space 107520K, 100% used [0x00000000e0000000,0x00000000e6900000,0x00000000e6900000)
  from space 18944K, 95% used [0x00000000e6900000,0x00000000e7a96f68,0x00000000e7b80000)
  to   space 21504K, 0% used [0x00000000e9200000,0x00000000e9200000,0x00000000ea700000)
 ParOldGen       total 102912K, used 60413K [0x00000000a0000000, 0x00000000a6480000, 0x00000000e0000000)
  object space 102912K, 58% used [0x00000000a0000000,0x00000000a3aff7d8,0x00000000a6480000)
 Metaspace       used 78847K, capacity 81832K, committed 82068K, reserved 1120256K
  class space    used 10226K, capacity 10877K, committed 10940K, reserved 1048576K
Event: 266.198 GC heap after
Heap after GC invocations=39 (full 3):
 PSYoungGen      total 145920K, used 21494K [0x00000000e0000000, 0x00000000eae80000, 0x0000000100000000)
  eden space 124416K, 0% used [0x00000000e0000000,0x00000000e0000000,0x00000000e7980000)
  from space 21504K, 99% used [0x00000000e9200000,0x00000000ea6fd8a0,0x00000000ea700000)
  to   space 25088K, 0% used [0x00000000e7980000,0x00000000e7980000,0x00000000e9200000)
 ParOldGen       total 102912K, used 62110K [0x00000000a0000000, 0x00000000a6480000, 0x00000000e0000000)
  object space 102912K, 60% used [0x00000000a0000000,0x00000000a3ca7a68,0x00000000a6480000)
 Metaspace       used 78847K, capacity 81832K, committed 82068K, reserved 1120256K
  class space    used 10226K, capacity 10877K, committed 10940K, reserved 1048576K
}

